<?xml version="1.0" encoding="UTF-8"?>
<testsuite xmlns:xsi="http://www.w3.org/2001/XMLSchema-instance" xsi:noNamespaceSchemaLocation="https://maven.apache.org/surefire/maven-surefire-plugin/xsd/surefire-test-report.xsd" name="mflix.api.daos.MigrationTest" time="4.369" tests="2" errors="2" skipped="0" failures="0">
  <properties>
    <property name="sun.desktop" value="gnome"/>
    <property name="awt.toolkit" value="sun.awt.X11.XToolkit"/>
    <property name="file.encoding.pkg" value="sun.io"/>
    <property name="java.specification.version" value="1.8"/>
    <property name="sun.cpu.isalist" value=""/>
    <property name="sun.jnu.encoding" value="UTF-8"/>
    <property name="java.class.path" value="/home/joaosilva/playspace/m220/mflix/target/test-classes:/home/joaosilva/playspace/m220/mflix/target/classes:/home/joaosilva/.m2/repository/org/springframework/boot/spring-boot-starter-web/2.0.3.RELEASE/spring-boot-starter-web-2.0.3.RELEASE.jar:/home/joaosilva/.m2/repository/org/springframework/boot/spring-boot-starter/2.0.3.RELEASE/spring-boot-starter-2.0.3.RELEASE.jar:/home/joaosilva/.m2/repository/org/springframework/boot/spring-boot-starter-logging/2.0.3.RELEASE/spring-boot-starter-logging-2.0.3.RELEASE.jar:/home/joaosilva/.m2/repository/ch/qos/logback/logback-classic/1.2.3/logback-classic-1.2.3.jar:/home/joaosilva/.m2/repository/ch/qos/logback/logback-core/1.2.3/logback-core-1.2.3.jar:/home/joaosilva/.m2/repository/org/apache/logging/log4j/log4j-to-slf4j/2.10.0/log4j-to-slf4j-2.10.0.jar:/home/joaosilva/.m2/repository/org/apache/logging/log4j/log4j-api/2.10.0/log4j-api-2.10.0.jar:/home/joaosilva/.m2/repository/org/slf4j/jul-to-slf4j/1.7.25/jul-to-slf4j-1.7.25.jar:/home/joaosilva/.m2/repository/javax/annotation/javax.annotation-api/1.3.2/javax.annotation-api-1.3.2.jar:/home/joaosilva/.m2/repository/org/yaml/snakeyaml/1.19/snakeyaml-1.19.jar:/home/joaosilva/.m2/repository/org/springframework/boot/spring-boot-starter-json/2.0.3.RELEASE/spring-boot-starter-json-2.0.3.RELEASE.jar:/home/joaosilva/.m2/repository/com/fasterxml/jackson/datatype/jackson-datatype-jdk8/2.9.6/jackson-datatype-jdk8-2.9.6.jar:/home/joaosilva/.m2/repository/com/fasterxml/jackson/datatype/jackson-datatype-jsr310/2.9.6/jackson-datatype-jsr310-2.9.6.jar:/home/joaosilva/.m2/repository/com/fasterxml/jackson/module/jackson-module-parameter-names/2.9.6/jackson-module-parameter-names-2.9.6.jar:/home/joaosilva/.m2/repository/org/springframework/boot/spring-boot-starter-tomcat/2.0.3.RELEASE/spring-boot-starter-tomcat-2.0.3.RELEASE.jar:/home/joaosilva/.m2/repository/org/apache/tomcat/embed/tomcat-embed-core/8.5.31/tomcat-embed-core-8.5.31.jar:/home/joaosilva/.m2/repository/org/apache/tomcat/embed/tomcat-embed-el/8.5.31/tomcat-embed-el-8.5.31.jar:/home/joaosilva/.m2/repository/org/apache/tomcat/embed/tomcat-embed-websocket/8.5.31/tomcat-embed-websocket-8.5.31.jar:/home/joaosilva/.m2/repository/org/hibernate/validator/hibernate-validator/6.0.10.Final/hibernate-validator-6.0.10.Final.jar:/home/joaosilva/.m2/repository/javax/validation/validation-api/2.0.1.Final/validation-api-2.0.1.Final.jar:/home/joaosilva/.m2/repository/org/jboss/logging/jboss-logging/3.3.2.Final/jboss-logging-3.3.2.Final.jar:/home/joaosilva/.m2/repository/com/fasterxml/classmate/1.3.4/classmate-1.3.4.jar:/home/joaosilva/.m2/repository/org/springframework/spring-webmvc/5.0.7.RELEASE/spring-webmvc-5.0.7.RELEASE.jar:/home/joaosilva/.m2/repository/org/springframework/boot/spring-boot-starter-test/2.0.3.RELEASE/spring-boot-starter-test-2.0.3.RELEASE.jar:/home/joaosilva/.m2/repository/org/springframework/boot/spring-boot-test/2.0.3.RELEASE/spring-boot-test-2.0.3.RELEASE.jar:/home/joaosilva/.m2/repository/org/springframework/boot/spring-boot-test-autoconfigure/2.0.3.RELEASE/spring-boot-test-autoconfigure-2.0.3.RELEASE.jar:/home/joaosilva/.m2/repository/com/jayway/jsonpath/json-path/2.4.0/json-path-2.4.0.jar:/home/joaosilva/.m2/repository/net/minidev/json-smart/2.3/json-smart-2.3.jar:/home/joaosilva/.m2/repository/net/minidev/accessors-smart/1.2/accessors-smart-1.2.jar:/home/joaosilva/.m2/repository/org/ow2/asm/asm/5.0.4/asm-5.0.4.jar:/home/joaosilva/.m2/repository/org/slf4j/slf4j-api/1.7.25/slf4j-api-1.7.25.jar:/home/joaosilva/.m2/repository/junit/junit/4.12/junit-4.12.jar:/home/joaosilva/.m2/repository/org/assertj/assertj-core/3.9.1/assertj-core-3.9.1.jar:/home/joaosilva/.m2/repository/org/mockito/mockito-core/2.15.0/mockito-core-2.15.0.jar:/home/joaosilva/.m2/repository/net/bytebuddy/byte-buddy/1.7.9/byte-buddy-1.7.9.jar:/home/joaosilva/.m2/repository/net/bytebuddy/byte-buddy-agent/1.7.9/byte-buddy-agent-1.7.9.jar:/home/joaosilva/.m2/repository/org/objenesis/objenesis/2.6/objenesis-2.6.jar:/home/joaosilva/.m2/repository/org/hamcrest/hamcrest-core/1.3/hamcrest-core-1.3.jar:/home/joaosilva/.m2/repository/org/hamcrest/hamcrest-library/1.3/hamcrest-library-1.3.jar:/home/joaosilva/.m2/repository/org/skyscreamer/jsonassert/1.5.0/jsonassert-1.5.0.jar:/home/joaosilva/.m2/repository/com/vaadin/external/google/android-json/0.0.20131108.vaadin1/android-json-0.0.20131108.vaadin1.jar:/home/joaosilva/.m2/repository/org/springframework/spring-test/5.0.7.RELEASE/spring-test-5.0.7.RELEASE.jar:/home/joaosilva/.m2/repository/org/xmlunit/xmlunit-core/2.5.1/xmlunit-core-2.5.1.jar:/home/joaosilva/.m2/repository/org/springframework/boot/spring-boot-starter-security/2.0.4.RELEASE/spring-boot-starter-security-2.0.4.RELEASE.jar:/home/joaosilva/.m2/repository/org/springframework/spring-aop/5.0.8.RELEASE/spring-aop-5.0.8.RELEASE.jar:/home/joaosilva/.m2/repository/org/springframework/security/spring-security-config/5.0.7.RELEASE/spring-security-config-5.0.7.RELEASE.jar:/home/joaosilva/.m2/repository/org/springframework/security/spring-security-core/5.0.7.RELEASE/spring-security-core-5.0.7.RELEASE.jar:/home/joaosilva/.m2/repository/org/springframework/security/spring-security-web/5.0.7.RELEASE/spring-security-web-5.0.7.RELEASE.jar:/home/joaosilva/.m2/repository/org/springframework/boot/spring-boot/2.0.4.RELEASE/spring-boot-2.0.4.RELEASE.jar:/home/joaosilva/.m2/repository/org/springframework/spring-context/5.0.7.RELEASE/spring-context-5.0.7.RELEASE.jar:/home/joaosilva/.m2/repository/org/springframework/spring-beans/5.0.7.RELEASE/spring-beans-5.0.7.RELEASE.jar:/home/joaosilva/.m2/repository/org/springframework/spring-expression/5.0.7.RELEASE/spring-expression-5.0.7.RELEASE.jar:/home/joaosilva/.m2/repository/org/springframework/spring-core/5.0.7.RELEASE/spring-core-5.0.7.RELEASE.jar:/home/joaosilva/.m2/repository/org/springframework/spring-jcl/5.0.7.RELEASE/spring-jcl-5.0.7.RELEASE.jar:/home/joaosilva/.m2/repository/org/springframework/boot/spring-boot-autoconfigure/2.0.3.RELEASE/spring-boot-autoconfigure-2.0.3.RELEASE.jar:/home/joaosilva/.m2/repository/org/springframework/spring-web/5.0.7.RELEASE/spring-web-5.0.7.RELEASE.jar:/home/joaosilva/.m2/repository/io/jsonwebtoken/jjwt/0.9.1/jjwt-0.9.1.jar:/home/joaosilva/.m2/repository/com/fasterxml/jackson/core/jackson-databind/2.9.6/jackson-databind-2.9.6.jar:/home/joaosilva/.m2/repository/com/fasterxml/jackson/core/jackson-annotations/2.9.0/jackson-annotations-2.9.0.jar:/home/joaosilva/.m2/repository/com/fasterxml/jackson/core/jackson-core/2.9.6/jackson-core-2.9.6.jar:/home/joaosilva/.m2/repository/org/junit/jupiter/junit-jupiter-api/5.1.0/junit-jupiter-api-5.1.0.jar:/home/joaosilva/.m2/repository/org/apiguardian/apiguardian-api/1.0.0/apiguardian-api-1.0.0.jar:/home/joaosilva/.m2/repository/org/opentest4j/opentest4j/1.0.0/opentest4j-1.0.0.jar:/home/joaosilva/.m2/repository/org/junit/platform/junit-platform-commons/1.1.0/junit-platform-commons-1.1.0.jar:/home/joaosilva/.m2/repository/org/mongodb/mongodb-driver-sync/3.9.1/mongodb-driver-sync-3.9.1.jar:/home/joaosilva/.m2/repository/org/mongodb/bson/3.9.1/bson-3.9.1.jar:/home/joaosilva/.m2/repository/org/mongodb/mongodb-driver-core/3.9.1/mongodb-driver-core-3.9.1.jar:"/>
    <property name="java.vm.vendor" value="Amazon.com Inc."/>
    <property name="sun.arch.data.model" value="64"/>
    <property name="java.vendor.url" value="https://aws.amazon.com/corretto/"/>
    <property name="user.timezone" value=""/>
    <property name="java.vm.specification.version" value="1.8"/>
    <property name="os.name" value="Linux"/>
    <property name="user.country" value="BR"/>
    <property name="sun.java.launcher" value="SUN_STANDARD"/>
    <property name="sun.boot.library.path" value="/home/joaosilva/.sdkman/candidates/java/8.0.222-amzn/jre/lib/amd64"/>
    <property name="sun.java.command" value="/home/joaosilva/playspace/m220/mflix/target/surefire/surefirebooter783115438192672655.jar /home/joaosilva/playspace/m220/mflix/target/surefire 2019-10-16T15-52-05_656-jvmRun1 surefire2365615975717159122tmp surefire_06380570062028090584tmp"/>
    <property name="surefire.test.class.path" value="/home/joaosilva/playspace/m220/mflix/target/test-classes:/home/joaosilva/playspace/m220/mflix/target/classes:/home/joaosilva/.m2/repository/org/springframework/boot/spring-boot-starter-web/2.0.3.RELEASE/spring-boot-starter-web-2.0.3.RELEASE.jar:/home/joaosilva/.m2/repository/org/springframework/boot/spring-boot-starter/2.0.3.RELEASE/spring-boot-starter-2.0.3.RELEASE.jar:/home/joaosilva/.m2/repository/org/springframework/boot/spring-boot-starter-logging/2.0.3.RELEASE/spring-boot-starter-logging-2.0.3.RELEASE.jar:/home/joaosilva/.m2/repository/ch/qos/logback/logback-classic/1.2.3/logback-classic-1.2.3.jar:/home/joaosilva/.m2/repository/ch/qos/logback/logback-core/1.2.3/logback-core-1.2.3.jar:/home/joaosilva/.m2/repository/org/apache/logging/log4j/log4j-to-slf4j/2.10.0/log4j-to-slf4j-2.10.0.jar:/home/joaosilva/.m2/repository/org/apache/logging/log4j/log4j-api/2.10.0/log4j-api-2.10.0.jar:/home/joaosilva/.m2/repository/org/slf4j/jul-to-slf4j/1.7.25/jul-to-slf4j-1.7.25.jar:/home/joaosilva/.m2/repository/javax/annotation/javax.annotation-api/1.3.2/javax.annotation-api-1.3.2.jar:/home/joaosilva/.m2/repository/org/yaml/snakeyaml/1.19/snakeyaml-1.19.jar:/home/joaosilva/.m2/repository/org/springframework/boot/spring-boot-starter-json/2.0.3.RELEASE/spring-boot-starter-json-2.0.3.RELEASE.jar:/home/joaosilva/.m2/repository/com/fasterxml/jackson/datatype/jackson-datatype-jdk8/2.9.6/jackson-datatype-jdk8-2.9.6.jar:/home/joaosilva/.m2/repository/com/fasterxml/jackson/datatype/jackson-datatype-jsr310/2.9.6/jackson-datatype-jsr310-2.9.6.jar:/home/joaosilva/.m2/repository/com/fasterxml/jackson/module/jackson-module-parameter-names/2.9.6/jackson-module-parameter-names-2.9.6.jar:/home/joaosilva/.m2/repository/org/springframework/boot/spring-boot-starter-tomcat/2.0.3.RELEASE/spring-boot-starter-tomcat-2.0.3.RELEASE.jar:/home/joaosilva/.m2/repository/org/apache/tomcat/embed/tomcat-embed-core/8.5.31/tomcat-embed-core-8.5.31.jar:/home/joaosilva/.m2/repository/org/apache/tomcat/embed/tomcat-embed-el/8.5.31/tomcat-embed-el-8.5.31.jar:/home/joaosilva/.m2/repository/org/apache/tomcat/embed/tomcat-embed-websocket/8.5.31/tomcat-embed-websocket-8.5.31.jar:/home/joaosilva/.m2/repository/org/hibernate/validator/hibernate-validator/6.0.10.Final/hibernate-validator-6.0.10.Final.jar:/home/joaosilva/.m2/repository/javax/validation/validation-api/2.0.1.Final/validation-api-2.0.1.Final.jar:/home/joaosilva/.m2/repository/org/jboss/logging/jboss-logging/3.3.2.Final/jboss-logging-3.3.2.Final.jar:/home/joaosilva/.m2/repository/com/fasterxml/classmate/1.3.4/classmate-1.3.4.jar:/home/joaosilva/.m2/repository/org/springframework/spring-webmvc/5.0.7.RELEASE/spring-webmvc-5.0.7.RELEASE.jar:/home/joaosilva/.m2/repository/org/springframework/boot/spring-boot-starter-test/2.0.3.RELEASE/spring-boot-starter-test-2.0.3.RELEASE.jar:/home/joaosilva/.m2/repository/org/springframework/boot/spring-boot-test/2.0.3.RELEASE/spring-boot-test-2.0.3.RELEASE.jar:/home/joaosilva/.m2/repository/org/springframework/boot/spring-boot-test-autoconfigure/2.0.3.RELEASE/spring-boot-test-autoconfigure-2.0.3.RELEASE.jar:/home/joaosilva/.m2/repository/com/jayway/jsonpath/json-path/2.4.0/json-path-2.4.0.jar:/home/joaosilva/.m2/repository/net/minidev/json-smart/2.3/json-smart-2.3.jar:/home/joaosilva/.m2/repository/net/minidev/accessors-smart/1.2/accessors-smart-1.2.jar:/home/joaosilva/.m2/repository/org/ow2/asm/asm/5.0.4/asm-5.0.4.jar:/home/joaosilva/.m2/repository/org/slf4j/slf4j-api/1.7.25/slf4j-api-1.7.25.jar:/home/joaosilva/.m2/repository/junit/junit/4.12/junit-4.12.jar:/home/joaosilva/.m2/repository/org/assertj/assertj-core/3.9.1/assertj-core-3.9.1.jar:/home/joaosilva/.m2/repository/org/mockito/mockito-core/2.15.0/mockito-core-2.15.0.jar:/home/joaosilva/.m2/repository/net/bytebuddy/byte-buddy/1.7.9/byte-buddy-1.7.9.jar:/home/joaosilva/.m2/repository/net/bytebuddy/byte-buddy-agent/1.7.9/byte-buddy-agent-1.7.9.jar:/home/joaosilva/.m2/repository/org/objenesis/objenesis/2.6/objenesis-2.6.jar:/home/joaosilva/.m2/repository/org/hamcrest/hamcrest-core/1.3/hamcrest-core-1.3.jar:/home/joaosilva/.m2/repository/org/hamcrest/hamcrest-library/1.3/hamcrest-library-1.3.jar:/home/joaosilva/.m2/repository/org/skyscreamer/jsonassert/1.5.0/jsonassert-1.5.0.jar:/home/joaosilva/.m2/repository/com/vaadin/external/google/android-json/0.0.20131108.vaadin1/android-json-0.0.20131108.vaadin1.jar:/home/joaosilva/.m2/repository/org/springframework/spring-test/5.0.7.RELEASE/spring-test-5.0.7.RELEASE.jar:/home/joaosilva/.m2/repository/org/xmlunit/xmlunit-core/2.5.1/xmlunit-core-2.5.1.jar:/home/joaosilva/.m2/repository/org/springframework/boot/spring-boot-starter-security/2.0.4.RELEASE/spring-boot-starter-security-2.0.4.RELEASE.jar:/home/joaosilva/.m2/repository/org/springframework/spring-aop/5.0.8.RELEASE/spring-aop-5.0.8.RELEASE.jar:/home/joaosilva/.m2/repository/org/springframework/security/spring-security-config/5.0.7.RELEASE/spring-security-config-5.0.7.RELEASE.jar:/home/joaosilva/.m2/repository/org/springframework/security/spring-security-core/5.0.7.RELEASE/spring-security-core-5.0.7.RELEASE.jar:/home/joaosilva/.m2/repository/org/springframework/security/spring-security-web/5.0.7.RELEASE/spring-security-web-5.0.7.RELEASE.jar:/home/joaosilva/.m2/repository/org/springframework/boot/spring-boot/2.0.4.RELEASE/spring-boot-2.0.4.RELEASE.jar:/home/joaosilva/.m2/repository/org/springframework/spring-context/5.0.7.RELEASE/spring-context-5.0.7.RELEASE.jar:/home/joaosilva/.m2/repository/org/springframework/spring-beans/5.0.7.RELEASE/spring-beans-5.0.7.RELEASE.jar:/home/joaosilva/.m2/repository/org/springframework/spring-expression/5.0.7.RELEASE/spring-expression-5.0.7.RELEASE.jar:/home/joaosilva/.m2/repository/org/springframework/spring-core/5.0.7.RELEASE/spring-core-5.0.7.RELEASE.jar:/home/joaosilva/.m2/repository/org/springframework/spring-jcl/5.0.7.RELEASE/spring-jcl-5.0.7.RELEASE.jar:/home/joaosilva/.m2/repository/org/springframework/boot/spring-boot-autoconfigure/2.0.3.RELEASE/spring-boot-autoconfigure-2.0.3.RELEASE.jar:/home/joaosilva/.m2/repository/org/springframework/spring-web/5.0.7.RELEASE/spring-web-5.0.7.RELEASE.jar:/home/joaosilva/.m2/repository/io/jsonwebtoken/jjwt/0.9.1/jjwt-0.9.1.jar:/home/joaosilva/.m2/repository/com/fasterxml/jackson/core/jackson-databind/2.9.6/jackson-databind-2.9.6.jar:/home/joaosilva/.m2/repository/com/fasterxml/jackson/core/jackson-annotations/2.9.0/jackson-annotations-2.9.0.jar:/home/joaosilva/.m2/repository/com/fasterxml/jackson/core/jackson-core/2.9.6/jackson-core-2.9.6.jar:/home/joaosilva/.m2/repository/org/junit/jupiter/junit-jupiter-api/5.1.0/junit-jupiter-api-5.1.0.jar:/home/joaosilva/.m2/repository/org/apiguardian/apiguardian-api/1.0.0/apiguardian-api-1.0.0.jar:/home/joaosilva/.m2/repository/org/opentest4j/opentest4j/1.0.0/opentest4j-1.0.0.jar:/home/joaosilva/.m2/repository/org/junit/platform/junit-platform-commons/1.1.0/junit-platform-commons-1.1.0.jar:/home/joaosilva/.m2/repository/org/mongodb/mongodb-driver-sync/3.9.1/mongodb-driver-sync-3.9.1.jar:/home/joaosilva/.m2/repository/org/mongodb/bson/3.9.1/bson-3.9.1.jar:/home/joaosilva/.m2/repository/org/mongodb/mongodb-driver-core/3.9.1/mongodb-driver-core-3.9.1.jar:"/>
    <property name="sun.cpu.endian" value="little"/>
    <property name="user.home" value="/home/joaosilva"/>
    <property name="user.language" value="pt"/>
    <property name="java.specification.vendor" value="Oracle Corporation"/>
    <property name="java.home" value="/home/joaosilva/.sdkman/candidates/java/8.0.222-amzn/jre"/>
    <property name="basedir" value="/home/joaosilva/playspace/m220/mflix"/>
    <property name="file.separator" value="/"/>
    <property name="line.separator" value="&#10;"/>
    <property name="java.vm.specification.vendor" value="Oracle Corporation"/>
    <property name="java.specification.name" value="Java Platform API Specification"/>
    <property name="java.awt.graphicsenv" value="sun.awt.X11GraphicsEnvironment"/>
    <property name="surefire.real.class.path" value="/home/joaosilva/playspace/m220/mflix/target/surefire/surefirebooter783115438192672655.jar"/>
    <property name="sun.boot.class.path" value="/home/joaosilva/.sdkman/candidates/java/8.0.222-amzn/jre/lib/resources.jar:/home/joaosilva/.sdkman/candidates/java/8.0.222-amzn/jre/lib/rt.jar:/home/joaosilva/.sdkman/candidates/java/8.0.222-amzn/jre/lib/sunrsasign.jar:/home/joaosilva/.sdkman/candidates/java/8.0.222-amzn/jre/lib/jsse.jar:/home/joaosilva/.sdkman/candidates/java/8.0.222-amzn/jre/lib/jce.jar:/home/joaosilva/.sdkman/candidates/java/8.0.222-amzn/jre/lib/charsets.jar:/home/joaosilva/.sdkman/candidates/java/8.0.222-amzn/jre/lib/jfr.jar:/home/joaosilva/.sdkman/candidates/java/8.0.222-amzn/jre/classes"/>
    <property name="sun.management.compiler" value="HotSpot 64-Bit Tiered Compilers"/>
    <property name="java.runtime.version" value="1.8.0_222-b10"/>
    <property name="user.name" value="joaosilva"/>
    <property name="path.separator" value=":"/>
    <property name="os.version" value="5.0.0-31-generic"/>
    <property name="java.endorsed.dirs" value="/home/joaosilva/.sdkman/candidates/java/8.0.222-amzn/jre/lib/endorsed"/>
    <property name="java.runtime.name" value="OpenJDK Runtime Environment"/>
    <property name="file.encoding" value="UTF-8"/>
    <property name="java.vm.name" value="OpenJDK 64-Bit Server VM"/>
    <property name="localRepository" value="/home/joaosilva/.m2/repository"/>
    <property name="java.vendor.url.bug" value="https://github.com/corretto/corretto-8/issues/"/>
    <property name="java.io.tmpdir" value="/tmp"/>
    <property name="java.version" value="1.8.0_222"/>
    <property name="user.dir" value="/home/joaosilva/playspace/m220/mflix"/>
    <property name="os.arch" value="amd64"/>
    <property name="java.vm.specification.name" value="Java Virtual Machine Specification"/>
    <property name="java.awt.printerjob" value="sun.print.PSPrinterJob"/>
    <property name="sun.os.patch.level" value="unknown"/>
    <property name="java.library.path" value="/usr/java/packages/lib/amd64:/usr/lib64:/lib64:/lib:/usr/lib"/>
    <property name="java.vm.info" value="mixed mode"/>
    <property name="java.vendor" value="Amazon.com Inc."/>
    <property name="java.vm.version" value="25.222-b10"/>
    <property name="java.ext.dirs" value="/home/joaosilva/.sdkman/candidates/java/8.0.222-amzn/jre/lib/ext:/usr/java/packages/lib/ext"/>
    <property name="sun.io.unicode.encoding" value="UnicodeLittle"/>
    <property name="java.class.version" value="52.0"/>
  </properties>
  <testcase name="testAllDocumentsIMDBRatingNumber" classname="mflix.api.daos.MigrationTest" time="2.188">
    <error message="Exception authenticating MongoCredential{mechanism=SCRAM-SHA-1, userName=&apos;m220-student&apos;, source=&apos;admin&apos;, password=&lt;hidden&gt;, mechanismProperties={}}" type="com.mongodb.MongoSecurityException"><![CDATA[com.mongodb.MongoSecurityException: Exception authenticating MongoCredential{mechanism=SCRAM-SHA-1, userName='m220-student', source='admin', password=<hidden>, mechanismProperties={}}
	at mflix.api.daos.MigrationTest.testAllDocumentsIMDBRatingNumber(MigrationTest.java:45)
Caused by: com.mongodb.MongoCommandException: Command failed with error 8000 (AtlasError): 'bad auth Authentication failed.' on server oministack-shard-00-01-dwiob.mongodb.net:27017. The full response is { "ok" : 0, "errmsg" : "bad auth Authentication failed.", "code" : 8000, "codeName" : "AtlasError" }
	at mflix.api.daos.MigrationTest.testAllDocumentsIMDBRatingNumber(MigrationTest.java:45)
]]></error>
    <system-out><![CDATA[2019-10-16 15:52:53.866  INFO 17774 --- [           main] org.mongodb.driver.cluster               : Cluster created with settings {hosts=[oministack-shard-00-02-dwiob.mongodb.net:27017, oministack-shard-00-01-dwiob.mongodb.net:27017, oministack-shard-00-00-dwiob.mongodb.net:27017], mode=MULTIPLE, requiredClusterType=REPLICA_SET, serverSelectionTimeout='30000 ms', maxWaitQueueSize=500, requiredReplicaSetName='Oministack-shard-0'}
2019-10-16 15:52:53.867  INFO 17774 --- [           main] org.mongodb.driver.cluster               : Adding discovered server oministack-shard-00-02-dwiob.mongodb.net:27017 to client view of cluster
2019-10-16 15:52:53.870  INFO 17774 --- [           main] org.mongodb.driver.cluster               : Adding discovered server oministack-shard-00-01-dwiob.mongodb.net:27017 to client view of cluster
2019-10-16 15:52:53.871  INFO 17774 --- [           main] org.mongodb.driver.cluster               : Adding discovered server oministack-shard-00-00-dwiob.mongodb.net:27017 to client view of cluster
2019-10-16 15:52:53.873  INFO 17774 --- [           main] org.mongodb.driver.cluster               : No server chosen by com.mongodb.client.internal.MongoClientDelegate$1@642413d4 from cluster description ClusterDescription{type=REPLICA_SET, connectionMode=MULTIPLE, serverDescriptions=[ServerDescription{address=oministack-shard-00-00-dwiob.mongodb.net:27017, type=UNKNOWN, state=CONNECTING}, ServerDescription{address=oministack-shard-00-02-dwiob.mongodb.net:27017, type=UNKNOWN, state=CONNECTING}, ServerDescription{address=oministack-shard-00-01-dwiob.mongodb.net:27017, type=UNKNOWN, state=CONNECTING}]}. Waiting for 30000 ms before timing out
2019-10-16 15:52:54.343  INFO 17774 --- [ngodb.net:27017] org.mongodb.driver.connection            : Opened connection [connectionId{localValue:48, serverValue:1976}] to oministack-shard-00-01-dwiob.mongodb.net:27017
2019-10-16 15:52:54.344  INFO 17774 --- [ngodb.net:27017] org.mongodb.driver.connection            : Opened connection [connectionId{localValue:47, serverValue:94}] to oministack-shard-00-02-dwiob.mongodb.net:27017
2019-10-16 15:52:54.345  INFO 17774 --- [ngodb.net:27017] org.mongodb.driver.connection            : Opened connection [connectionId{localValue:49, serverValue:652}] to oministack-shard-00-00-dwiob.mongodb.net:27017
2019-10-16 15:52:54.494  INFO 17774 --- [ngodb.net:27017] org.mongodb.driver.cluster               : Monitor thread successfully connected to server with description ServerDescription{address=oministack-shard-00-01-dwiob.mongodb.net:27017, type=REPLICA_SET_PRIMARY, state=CONNECTED, ok=true, version=ServerVersion{versionList=[4, 0, 12]}, minWireVersion=0, maxWireVersion=7, maxDocumentSize=16777216, logicalSessionTimeoutMinutes=30, roundTripTimeNanos=150586124, setName='Oministack-shard-0', canonicalAddress=oministack-shard-00-01-dwiob.mongodb.net:27017, hosts=[oministack-shard-00-00-dwiob.mongodb.net:27017, oministack-shard-00-02-dwiob.mongodb.net:27017, oministack-shard-00-01-dwiob.mongodb.net:27017], passives=[], arbiters=[], primary='oministack-shard-00-01-dwiob.mongodb.net:27017', tagSet=TagSet{[Tag{name='region', value='US_EAST_1'}, Tag{name='provider', value='AWS'}, Tag{name='nodeType', value='ELECTABLE'}]}, electionId=7fffffff0000000000000006, setVersion=1, lastWriteDate=Wed Oct 16 15:52:53 BRT 2019, lastUpdateTimeNanos=25541560315338}
2019-10-16 15:52:54.495  INFO 17774 --- [ngodb.net:27017] org.mongodb.driver.cluster               : Setting max election id to 7fffffff0000000000000006 from replica set primary oministack-shard-00-01-dwiob.mongodb.net:27017
2019-10-16 15:52:54.495  INFO 17774 --- [ngodb.net:27017] org.mongodb.driver.cluster               : Setting max set version to 1 from replica set primary oministack-shard-00-01-dwiob.mongodb.net:27017
2019-10-16 15:52:54.495  INFO 17774 --- [ngodb.net:27017] org.mongodb.driver.cluster               : Discovered replica set primary oministack-shard-00-01-dwiob.mongodb.net:27017
2019-10-16 15:52:54.495  INFO 17774 --- [ngodb.net:27017] org.mongodb.driver.cluster               : Monitor thread successfully connected to server with description ServerDescription{address=oministack-shard-00-02-dwiob.mongodb.net:27017, type=REPLICA_SET_SECONDARY, state=CONNECTED, ok=true, version=ServerVersion{versionList=[4, 0, 12]}, minWireVersion=0, maxWireVersion=7, maxDocumentSize=16777216, logicalSessionTimeoutMinutes=30, roundTripTimeNanos=151112577, setName='Oministack-shard-0', canonicalAddress=oministack-shard-00-02-dwiob.mongodb.net:27017, hosts=[oministack-shard-00-00-dwiob.mongodb.net:27017, oministack-shard-00-02-dwiob.mongodb.net:27017, oministack-shard-00-01-dwiob.mongodb.net:27017], passives=[], arbiters=[], primary='oministack-shard-00-01-dwiob.mongodb.net:27017', tagSet=TagSet{[Tag{name='region', value='US_EAST_1'}, Tag{name='provider', value='AWS'}, Tag{name='nodeType', value='ELECTABLE'}]}, electionId=null, setVersion=1, lastWriteDate=Wed Oct 16 15:52:53 BRT 2019, lastUpdateTimeNanos=25541561130108}
2019-10-16 15:52:54.496  INFO 17774 --- [ngodb.net:27017] org.mongodb.driver.cluster               : Monitor thread successfully connected to server with description ServerDescription{address=oministack-shard-00-00-dwiob.mongodb.net:27017, type=REPLICA_SET_SECONDARY, state=CONNECTED, ok=true, version=ServerVersion{versionList=[4, 0, 12]}, minWireVersion=0, maxWireVersion=7, maxDocumentSize=16777216, logicalSessionTimeoutMinutes=30, roundTripTimeNanos=150366008, setName='Oministack-shard-0', canonicalAddress=oministack-shard-00-00-dwiob.mongodb.net:27017, hosts=[oministack-shard-00-00-dwiob.mongodb.net:27017, oministack-shard-00-02-dwiob.mongodb.net:27017, oministack-shard-00-01-dwiob.mongodb.net:27017], passives=[], arbiters=[], primary='oministack-shard-00-01-dwiob.mongodb.net:27017', tagSet=TagSet{[Tag{name='region', value='US_EAST_1'}, Tag{name='provider', value='AWS'}, Tag{name='nodeType', value='ELECTABLE'}]}, electionId=null, setVersion=1, lastWriteDate=Wed Oct 16 15:52:53 BRT 2019, lastUpdateTimeNanos=25541562277277}
2019-10-16 15:52:54.747  INFO 17774 --- [ngodb.net:27017] org.mongodb.driver.connection            : Opened connection [connectionId{localValue:53, serverValue:807}] to oministack-shard-00-02-dwiob.mongodb.net:27017
2019-10-16 15:52:54.748  INFO 17774 --- [ngodb.net:27017] org.mongodb.driver.connection            : Opened connection [connectionId{localValue:52, serverValue:985}] to oministack-shard-00-00-dwiob.mongodb.net:27017
2019-10-16 15:52:54.748  INFO 17774 --- [ngodb.net:27017] org.mongodb.driver.connection            : Opened connection [connectionId{localValue:50, serverValue:807}] to oministack-shard-00-02-dwiob.mongodb.net:27017
2019-10-16 15:52:54.750  INFO 17774 --- [ngodb.net:27017] org.mongodb.driver.connection            : Opened connection [connectionId{localValue:51, serverValue:1976}] to oministack-shard-00-01-dwiob.mongodb.net:27017
2019-10-16 15:52:54.752  INFO 17774 --- [ngodb.net:27017] org.mongodb.driver.connection            : Opened connection [connectionId{localValue:55, serverValue:985}] to oministack-shard-00-00-dwiob.mongodb.net:27017
2019-10-16 15:52:54.757  INFO 17774 --- [ngodb.net:27017] org.mongodb.driver.connection            : Opened connection [connectionId{localValue:54, serverValue:157}] to oministack-shard-00-01-dwiob.mongodb.net:27017
2019-10-16 15:52:54.789  INFO 17774 --- [ngodb.net:27017] org.mongodb.driver.connection            : Opened connection [connectionId{localValue:56, serverValue:807}] to oministack-shard-00-02-dwiob.mongodb.net:27017
2019-10-16 15:52:54.789  INFO 17774 --- [ngodb.net:27017] org.mongodb.driver.connection            : Opened connection [connectionId{localValue:57, serverValue:157}] to oministack-shard-00-01-dwiob.mongodb.net:27017
2019-10-16 15:52:54.789  INFO 17774 --- [ngodb.net:27017] org.mongodb.driver.connection            : Opened connection [connectionId{localValue:58, serverValue:985}] to oministack-shard-00-00-dwiob.mongodb.net:27017
2019-10-16 15:52:54.898  INFO 17774 --- [ngodb.net:27017] org.mongodb.driver.cluster               : Monitor thread successfully connected to server with description ServerDescription{address=oministack-shard-00-02-dwiob.mongodb.net:27017, type=REPLICA_SET_SECONDARY, state=CONNECTED, ok=true, version=ServerVersion{versionList=[4, 0, 12]}, minWireVersion=0, maxWireVersion=7, maxDocumentSize=16777216, logicalSessionTimeoutMinutes=30, roundTripTimeNanos=150066387, setName='Oministack-shard-0', canonicalAddress=oministack-shard-00-02-dwiob.mongodb.net:27017, hosts=[oministack-shard-00-00-dwiob.mongodb.net:27017, oministack-shard-00-02-dwiob.mongodb.net:27017, oministack-shard-00-01-dwiob.mongodb.net:27017], passives=[], arbiters=[], primary='oministack-shard-00-01-dwiob.mongodb.net:27017', tagSet=TagSet{[Tag{name='region', value='US_EAST_1'}, Tag{name='provider', value='AWS'}, Tag{name='nodeType', value='ELECTABLE'}]}, electionId=null, setVersion=1, lastWriteDate=Wed Oct 16 15:52:54 BRT 2019, lastUpdateTimeNanos=25541963852504}
2019-10-16 15:52:54.900  INFO 17774 --- [ngodb.net:27017] org.mongodb.driver.cluster               : Monitor thread successfully connected to server with description ServerDescription{address=oministack-shard-00-00-dwiob.mongodb.net:27017, type=REPLICA_SET_SECONDARY, state=CONNECTED, ok=true, version=ServerVersion{versionList=[4, 0, 12]}, minWireVersion=0, maxWireVersion=7, maxDocumentSize=16777216, logicalSessionTimeoutMinutes=30, roundTripTimeNanos=150964930, setName='Oministack-shard-0', canonicalAddress=oministack-shard-00-00-dwiob.mongodb.net:27017, hosts=[oministack-shard-00-00-dwiob.mongodb.net:27017, oministack-shard-00-02-dwiob.mongodb.net:27017, oministack-shard-00-01-dwiob.mongodb.net:27017], passives=[], arbiters=[], primary='oministack-shard-00-01-dwiob.mongodb.net:27017', tagSet=TagSet{[Tag{name='region', value='US_EAST_1'}, Tag{name='provider', value='AWS'}, Tag{name='nodeType', value='ELECTABLE'}]}, electionId=null, setVersion=1, lastWriteDate=Wed Oct 16 15:52:54 BRT 2019, lastUpdateTimeNanos=25541966059155}
2019-10-16 15:52:54.903  INFO 17774 --- [ngodb.net:27017] org.mongodb.driver.cluster               : Monitor thread successfully connected to server with description ServerDescription{address=oministack-shard-00-02-dwiob.mongodb.net:27017, type=REPLICA_SET_SECONDARY, state=CONNECTED, ok=true, version=ServerVersion{versionList=[4, 0, 12]}, minWireVersion=0, maxWireVersion=7, maxDocumentSize=16777216, logicalSessionTimeoutMinutes=30, roundTripTimeNanos=153435442, setName='Oministack-shard-0', canonicalAddress=oministack-shard-00-02-dwiob.mongodb.net:27017, hosts=[oministack-shard-00-00-dwiob.mongodb.net:27017, oministack-shard-00-02-dwiob.mongodb.net:27017, oministack-shard-00-01-dwiob.mongodb.net:27017], passives=[], arbiters=[], primary='oministack-shard-00-01-dwiob.mongodb.net:27017', tagSet=TagSet{[Tag{name='region', value='US_EAST_1'}, Tag{name='provider', value='AWS'}, Tag{name='nodeType', value='ELECTABLE'}]}, electionId=null, setVersion=1, lastWriteDate=Wed Oct 16 15:52:54 BRT 2019, lastUpdateTimeNanos=25541968653831}
2019-10-16 15:52:54.903  INFO 17774 --- [ngodb.net:27017] org.mongodb.driver.cluster               : Monitor thread successfully connected to server with description ServerDescription{address=oministack-shard-00-00-dwiob.mongodb.net:27017, type=REPLICA_SET_SECONDARY, state=CONNECTED, ok=true, version=ServerVersion{versionList=[4, 0, 12]}, minWireVersion=0, maxWireVersion=7, maxDocumentSize=16777216, logicalSessionTimeoutMinutes=30, roundTripTimeNanos=150320387, setName='Oministack-shard-0', canonicalAddress=oministack-shard-00-00-dwiob.mongodb.net:27017, hosts=[oministack-shard-00-00-dwiob.mongodb.net:27017, oministack-shard-00-02-dwiob.mongodb.net:27017, oministack-shard-00-01-dwiob.mongodb.net:27017], passives=[], arbiters=[], primary='oministack-shard-00-01-dwiob.mongodb.net:27017', tagSet=TagSet{[Tag{name='region', value='US_EAST_1'}, Tag{name='provider', value='AWS'}, Tag{name='nodeType', value='ELECTABLE'}]}, electionId=null, setVersion=1, lastWriteDate=Wed Oct 16 15:52:54 BRT 2019, lastUpdateTimeNanos=25541969287719}
2019-10-16 15:52:54.903  INFO 17774 --- [ngodb.net:27017] org.mongodb.driver.cluster               : Monitor thread successfully connected to server with description ServerDescription{address=oministack-shard-00-01-dwiob.mongodb.net:27017, type=REPLICA_SET_PRIMARY, state=CONNECTED, ok=true, version=ServerVersion{versionList=[4, 0, 12]}, minWireVersion=0, maxWireVersion=7, maxDocumentSize=16777216, logicalSessionTimeoutMinutes=30, roundTripTimeNanos=151660828, setName='Oministack-shard-0', canonicalAddress=oministack-shard-00-01-dwiob.mongodb.net:27017, hosts=[oministack-shard-00-00-dwiob.mongodb.net:27017, oministack-shard-00-02-dwiob.mongodb.net:27017, oministack-shard-00-01-dwiob.mongodb.net:27017], passives=[], arbiters=[], primary='oministack-shard-00-01-dwiob.mongodb.net:27017', tagSet=TagSet{[Tag{name='region', value='US_EAST_1'}, Tag{name='provider', value='AWS'}, Tag{name='nodeType', value='ELECTABLE'}]}, electionId=7fffffff0000000000000006, setVersion=1, lastWriteDate=Wed Oct 16 15:52:54 BRT 2019, lastUpdateTimeNanos=25541969249297}
2019-10-16 15:52:54.904  INFO 17774 --- [ngodb.net:27017] org.mongodb.driver.cluster               : Setting max election id to 7fffffff0000000000000006 from replica set primary oministack-shard-00-01-dwiob.mongodb.net:27017
2019-10-16 15:52:54.905  INFO 17774 --- [ngodb.net:27017] org.mongodb.driver.cluster               : Setting max set version to 1 from replica set primary oministack-shard-00-01-dwiob.mongodb.net:27017
2019-10-16 15:52:54.905  INFO 17774 --- [ngodb.net:27017] org.mongodb.driver.cluster               : Discovered replica set primary oministack-shard-00-01-dwiob.mongodb.net:27017
2019-10-16 15:52:54.910  INFO 17774 --- [ngodb.net:27017] org.mongodb.driver.cluster               : Monitor thread successfully connected to server with description ServerDescription{address=oministack-shard-00-01-dwiob.mongodb.net:27017, type=REPLICA_SET_PRIMARY, state=CONNECTED, ok=true, version=ServerVersion{versionList=[4, 0, 12]}, minWireVersion=0, maxWireVersion=7, maxDocumentSize=16777216, logicalSessionTimeoutMinutes=30, roundTripTimeNanos=151947948, setName='Oministack-shard-0', canonicalAddress=oministack-shard-00-01-dwiob.mongodb.net:27017, hosts=[oministack-shard-00-00-dwiob.mongodb.net:27017, oministack-shard-00-02-dwiob.mongodb.net:27017, oministack-shard-00-01-dwiob.mongodb.net:27017], passives=[], arbiters=[], primary='oministack-shard-00-01-dwiob.mongodb.net:27017', tagSet=TagSet{[Tag{name='region', value='US_EAST_1'}, Tag{name='provider', value='AWS'}, Tag{name='nodeType', value='ELECTABLE'}]}, electionId=7fffffff0000000000000006, setVersion=1, lastWriteDate=Wed Oct 16 15:52:54 BRT 2019, lastUpdateTimeNanos=25541975864838}
2019-10-16 15:52:54.911  INFO 17774 --- [ngodb.net:27017] org.mongodb.driver.cluster               : Setting max election id to 7fffffff0000000000000006 from replica set primary oministack-shard-00-01-dwiob.mongodb.net:27017
2019-10-16 15:52:54.911  INFO 17774 --- [ngodb.net:27017] org.mongodb.driver.cluster               : Setting max set version to 1 from replica set primary oministack-shard-00-01-dwiob.mongodb.net:27017
2019-10-16 15:52:54.912  INFO 17774 --- [ngodb.net:27017] org.mongodb.driver.cluster               : Discovered replica set primary oministack-shard-00-01-dwiob.mongodb.net:27017
2019-10-16 15:52:54.941  INFO 17774 --- [ngodb.net:27017] org.mongodb.driver.cluster               : Monitor thread successfully connected to server with description ServerDescription{address=oministack-shard-00-00-dwiob.mongodb.net:27017, type=REPLICA_SET_SECONDARY, state=CONNECTED, ok=true, version=ServerVersion{versionList=[4, 0, 12]}, minWireVersion=0, maxWireVersion=7, maxDocumentSize=16777216, logicalSessionTimeoutMinutes=30, roundTripTimeNanos=151358295, setName='Oministack-shard-0', canonicalAddress=oministack-shard-00-00-dwiob.mongodb.net:27017, hosts=[oministack-shard-00-00-dwiob.mongodb.net:27017, oministack-shard-00-02-dwiob.mongodb.net:27017, oministack-shard-00-01-dwiob.mongodb.net:27017], passives=[], arbiters=[], primary='oministack-shard-00-01-dwiob.mongodb.net:27017', tagSet=TagSet{[Tag{name='region', value='US_EAST_1'}, Tag{name='provider', value='AWS'}, Tag{name='nodeType', value='ELECTABLE'}]}, electionId=null, setVersion=1, lastWriteDate=Wed Oct 16 15:52:54 BRT 2019, lastUpdateTimeNanos=25542006932533}
2019-10-16 15:52:54.941  INFO 17774 --- [ngodb.net:27017] org.mongodb.driver.cluster               : Monitor thread successfully connected to server with description ServerDescription{address=oministack-shard-00-01-dwiob.mongodb.net:27017, type=REPLICA_SET_PRIMARY, state=CONNECTED, ok=true, version=ServerVersion{versionList=[4, 0, 12]}, minWireVersion=0, maxWireVersion=7, maxDocumentSize=16777216, logicalSessionTimeoutMinutes=30, roundTripTimeNanos=151300119, setName='Oministack-shard-0', canonicalAddress=oministack-shard-00-01-dwiob.mongodb.net:27017, hosts=[oministack-shard-00-00-dwiob.mongodb.net:27017, oministack-shard-00-02-dwiob.mongodb.net:27017, oministack-shard-00-01-dwiob.mongodb.net:27017], passives=[], arbiters=[], primary='oministack-shard-00-01-dwiob.mongodb.net:27017', tagSet=TagSet{[Tag{name='region', value='US_EAST_1'}, Tag{name='provider', value='AWS'}, Tag{name='nodeType', value='ELECTABLE'}]}, electionId=7fffffff0000000000000006, setVersion=1, lastWriteDate=Wed Oct 16 15:52:54 BRT 2019, lastUpdateTimeNanos=25542006835139}
2019-10-16 15:52:54.941  INFO 17774 --- [ngodb.net:27017] org.mongodb.driver.cluster               : Monitor thread successfully connected to server with description ServerDescription{address=oministack-shard-00-02-dwiob.mongodb.net:27017, type=REPLICA_SET_SECONDARY, state=CONNECTED, ok=true, version=ServerVersion{versionList=[4, 0, 12]}, minWireVersion=0, maxWireVersion=7, maxDocumentSize=16777216, logicalSessionTimeoutMinutes=30, roundTripTimeNanos=151362663, setName='Oministack-shard-0', canonicalAddress=oministack-shard-00-02-dwiob.mongodb.net:27017, hosts=[oministack-shard-00-00-dwiob.mongodb.net:27017, oministack-shard-00-02-dwiob.mongodb.net:27017, oministack-shard-00-01-dwiob.mongodb.net:27017], passives=[], arbiters=[], primary='oministack-shard-00-01-dwiob.mongodb.net:27017', tagSet=TagSet{[Tag{name='region', value='US_EAST_1'}, Tag{name='provider', value='AWS'}, Tag{name='nodeType', value='ELECTABLE'}]}, electionId=null, setVersion=1, lastWriteDate=Wed Oct 16 15:52:54 BRT 2019, lastUpdateTimeNanos=25542006843514}
2019-10-16 15:52:54.941  INFO 17774 --- [           main] org.mongodb.driver.cluster               : No server chosen by ReadPreferenceServerSelector{readPreference=primary} from cluster description ClusterDescription{type=REPLICA_SET, connectionMode=MULTIPLE, serverDescriptions=[ServerDescription{address=oministack-shard-00-00-dwiob.mongodb.net:27017, type=REPLICA_SET_SECONDARY, state=CONNECTED, ok=true, version=ServerVersion{versionList=[4, 0, 12]}, minWireVersion=0, maxWireVersion=7, maxDocumentSize=16777216, logicalSessionTimeoutMinutes=30, roundTripTimeNanos=151358295, setName='Oministack-shard-0', canonicalAddress=oministack-shard-00-00-dwiob.mongodb.net:27017, hosts=[oministack-shard-00-00-dwiob.mongodb.net:27017, oministack-shard-00-02-dwiob.mongodb.net:27017, oministack-shard-00-01-dwiob.mongodb.net:27017], passives=[], arbiters=[], primary='oministack-shard-00-01-dwiob.mongodb.net:27017', tagSet=TagSet{[Tag{name='region', value='US_EAST_1'}, Tag{name='provider', value='AWS'}, Tag{name='nodeType', value='ELECTABLE'}]}, electionId=null, setVersion=1, lastWriteDate=Wed Oct 16 15:52:54 BRT 2019, lastUpdateTimeNanos=25542006932533}, ServerDescription{address=oministack-shard-00-02-dwiob.mongodb.net:27017, type=UNKNOWN, state=CONNECTING}, ServerDescription{address=oministack-shard-00-01-dwiob.mongodb.net:27017, type=UNKNOWN, state=CONNECTING}]}. Waiting for 30000 ms before timing out
2019-10-16 15:52:54.942  INFO 17774 --- [ngodb.net:27017] org.mongodb.driver.cluster               : Setting max election id to 7fffffff0000000000000006 from replica set primary oministack-shard-00-01-dwiob.mongodb.net:27017
2019-10-16 15:52:54.942  INFO 17774 --- [ngodb.net:27017] org.mongodb.driver.cluster               : Setting max set version to 1 from replica set primary oministack-shard-00-01-dwiob.mongodb.net:27017
2019-10-16 15:52:54.942  INFO 17774 --- [ngodb.net:27017] org.mongodb.driver.cluster               : Discovered replica set primary oministack-shard-00-01-dwiob.mongodb.net:27017
2019-10-16 15:52:56.053  INFO 17774 --- [           main] org.mongodb.driver.connection            : Closed connection [connectionId{localValue:59}] to oministack-shard-00-01-dwiob.mongodb.net:27017 because there was a socket exception raised by this connection.
]]></system-out>
  </testcase>
  <testcase name="testAllDocumentsUpdateDateIsDateType" classname="mflix.api.daos.MigrationTest" time="2.18">
    <error message="Exception authenticating MongoCredential{mechanism=SCRAM-SHA-1, userName=&apos;m220-student&apos;, source=&apos;admin&apos;, password=&lt;hidden&gt;, mechanismProperties={}}" type="com.mongodb.MongoSecurityException"><![CDATA[com.mongodb.MongoSecurityException: Exception authenticating MongoCredential{mechanism=SCRAM-SHA-1, userName='m220-student', source='admin', password=<hidden>, mechanismProperties={}}
	at mflix.api.daos.MigrationTest.testAllDocumentsUpdateDateIsDateType(MigrationTest.java:34)
Caused by: com.mongodb.MongoCommandException: Command failed with error 8000 (AtlasError): 'bad auth Authentication failed.' on server oministack-shard-00-01-dwiob.mongodb.net:27017. The full response is { "ok" : 0, "errmsg" : "bad auth Authentication failed.", "code" : 8000, "codeName" : "AtlasError" }
	at mflix.api.daos.MigrationTest.testAllDocumentsUpdateDateIsDateType(MigrationTest.java:34)
]]></error>
    <system-out><![CDATA[2019-10-16 15:52:56.059  INFO 17774 --- [           main] org.mongodb.driver.cluster               : Cluster created with settings {hosts=[oministack-shard-00-02-dwiob.mongodb.net:27017, oministack-shard-00-01-dwiob.mongodb.net:27017, oministack-shard-00-00-dwiob.mongodb.net:27017], mode=MULTIPLE, requiredClusterType=REPLICA_SET, serverSelectionTimeout='30000 ms', maxWaitQueueSize=500, requiredReplicaSetName='Oministack-shard-0'}
2019-10-16 15:52:56.060  INFO 17774 --- [           main] org.mongodb.driver.cluster               : Adding discovered server oministack-shard-00-02-dwiob.mongodb.net:27017 to client view of cluster
2019-10-16 15:52:56.061  INFO 17774 --- [           main] org.mongodb.driver.cluster               : Adding discovered server oministack-shard-00-01-dwiob.mongodb.net:27017 to client view of cluster
2019-10-16 15:52:56.063  INFO 17774 --- [           main] org.mongodb.driver.cluster               : Adding discovered server oministack-shard-00-00-dwiob.mongodb.net:27017 to client view of cluster
2019-10-16 15:52:56.065  INFO 17774 --- [           main] org.mongodb.driver.cluster               : No server chosen by com.mongodb.client.internal.MongoClientDelegate$1@6f9c5048 from cluster description ClusterDescription{type=REPLICA_SET, connectionMode=MULTIPLE, serverDescriptions=[ServerDescription{address=oministack-shard-00-00-dwiob.mongodb.net:27017, type=UNKNOWN, state=CONNECTING}, ServerDescription{address=oministack-shard-00-02-dwiob.mongodb.net:27017, type=UNKNOWN, state=CONNECTING}, ServerDescription{address=oministack-shard-00-01-dwiob.mongodb.net:27017, type=UNKNOWN, state=CONNECTING}]}. Waiting for 30000 ms before timing out
2019-10-16 15:52:56.975  INFO 17774 --- [ngodb.net:27017] org.mongodb.driver.connection            : Opened connection [connectionId{localValue:61, serverValue:1976}] to oministack-shard-00-01-dwiob.mongodb.net:27017
2019-10-16 15:52:56.976  INFO 17774 --- [ngodb.net:27017] org.mongodb.driver.connection            : Opened connection [connectionId{localValue:60, serverValue:807}] to oministack-shard-00-02-dwiob.mongodb.net:27017
2019-10-16 15:52:56.988  INFO 17774 --- [ngodb.net:27017] org.mongodb.driver.connection            : Opened connection [connectionId{localValue:62, serverValue:985}] to oministack-shard-00-00-dwiob.mongodb.net:27017
2019-10-16 15:52:57.125  INFO 17774 --- [ngodb.net:27017] org.mongodb.driver.cluster               : Monitor thread successfully connected to server with description ServerDescription{address=oministack-shard-00-01-dwiob.mongodb.net:27017, type=REPLICA_SET_PRIMARY, state=CONNECTED, ok=true, version=ServerVersion{versionList=[4, 0, 12]}, minWireVersion=0, maxWireVersion=7, maxDocumentSize=16777216, logicalSessionTimeoutMinutes=30, roundTripTimeNanos=149331697, setName='Oministack-shard-0', canonicalAddress=oministack-shard-00-01-dwiob.mongodb.net:27017, hosts=[oministack-shard-00-00-dwiob.mongodb.net:27017, oministack-shard-00-02-dwiob.mongodb.net:27017, oministack-shard-00-01-dwiob.mongodb.net:27017], passives=[], arbiters=[], primary='oministack-shard-00-01-dwiob.mongodb.net:27017', tagSet=TagSet{[Tag{name='region', value='US_EAST_1'}, Tag{name='provider', value='AWS'}, Tag{name='nodeType', value='ELECTABLE'}]}, electionId=7fffffff0000000000000006, setVersion=1, lastWriteDate=Wed Oct 16 15:52:56 BRT 2019, lastUpdateTimeNanos=25544190913322}
2019-10-16 15:52:57.126  INFO 17774 --- [ngodb.net:27017] org.mongodb.driver.cluster               : Setting max election id to 7fffffff0000000000000006 from replica set primary oministack-shard-00-01-dwiob.mongodb.net:27017
2019-10-16 15:52:57.127  INFO 17774 --- [ngodb.net:27017] org.mongodb.driver.cluster               : Setting max set version to 1 from replica set primary oministack-shard-00-01-dwiob.mongodb.net:27017
2019-10-16 15:52:57.127  INFO 17774 --- [ngodb.net:27017] org.mongodb.driver.cluster               : Discovered replica set primary oministack-shard-00-01-dwiob.mongodb.net:27017
2019-10-16 15:52:57.127  INFO 17774 --- [ngodb.net:27017] org.mongodb.driver.cluster               : Monitor thread successfully connected to server with description ServerDescription{address=oministack-shard-00-02-dwiob.mongodb.net:27017, type=REPLICA_SET_SECONDARY, state=CONNECTED, ok=true, version=ServerVersion{versionList=[4, 0, 12]}, minWireVersion=0, maxWireVersion=7, maxDocumentSize=16777216, logicalSessionTimeoutMinutes=30, roundTripTimeNanos=150092971, setName='Oministack-shard-0', canonicalAddress=oministack-shard-00-02-dwiob.mongodb.net:27017, hosts=[oministack-shard-00-00-dwiob.mongodb.net:27017, oministack-shard-00-02-dwiob.mongodb.net:27017, oministack-shard-00-01-dwiob.mongodb.net:27017], passives=[], arbiters=[], primary='oministack-shard-00-01-dwiob.mongodb.net:27017', tagSet=TagSet{[Tag{name='region', value='US_EAST_1'}, Tag{name='provider', value='AWS'}, Tag{name='nodeType', value='ELECTABLE'}]}, electionId=null, setVersion=1, lastWriteDate=Wed Oct 16 15:52:56 BRT 2019, lastUpdateTimeNanos=25544193060662}
2019-10-16 15:52:57.141  INFO 17774 --- [ngodb.net:27017] org.mongodb.driver.cluster               : Monitor thread successfully connected to server with description ServerDescription{address=oministack-shard-00-00-dwiob.mongodb.net:27017, type=REPLICA_SET_SECONDARY, state=CONNECTED, ok=true, version=ServerVersion{versionList=[4, 0, 12]}, minWireVersion=0, maxWireVersion=7, maxDocumentSize=16777216, logicalSessionTimeoutMinutes=30, roundTripTimeNanos=151765370, setName='Oministack-shard-0', canonicalAddress=oministack-shard-00-00-dwiob.mongodb.net:27017, hosts=[oministack-shard-00-00-dwiob.mongodb.net:27017, oministack-shard-00-02-dwiob.mongodb.net:27017, oministack-shard-00-01-dwiob.mongodb.net:27017], passives=[], arbiters=[], primary='oministack-shard-00-01-dwiob.mongodb.net:27017', tagSet=TagSet{[Tag{name='region', value='US_EAST_1'}, Tag{name='provider', value='AWS'}, Tag{name='nodeType', value='ELECTABLE'}]}, electionId=null, setVersion=1, lastWriteDate=Wed Oct 16 15:52:56 BRT 2019, lastUpdateTimeNanos=25544206700885}
2019-10-16 15:52:58.234  INFO 17774 --- [           main] org.mongodb.driver.connection            : Closed connection [connectionId{localValue:63}] to oministack-shard-00-01-dwiob.mongodb.net:27017 because there was a socket exception raised by this connection.
]]></system-out>
  </testcase>
</testsuite>